[0.412s] Invoking command in '/home/adarsh/ros2_ws/src/robot_controller': PYTHONPATH=/home/adarsh/ros2_ws/build/robot_controller/prefix_override:/home/adarsh/ros2_ws/install/robot_controller/lib/python3.10/site-packages:${PYTHONPATH} /usr/bin/python3 -W ignore:setup.py install is deprecated setup.py egg_info --egg-base ../../build/robot_controller build --build-base /home/adarsh/ros2_ws/build/robot_controller/build install --record /home/adarsh/ros2_ws/build/robot_controller/install.log --single-version-externally-managed install_data
[0.549s] running egg_info
[0.551s] writing ../../build/robot_controller/robot_controller.egg-info/PKG-INFO
[0.553s] writing dependency_links to ../../build/robot_controller/robot_controller.egg-info/dependency_links.txt
[0.553s] writing entry points to ../../build/robot_controller/robot_controller.egg-info/entry_points.txt
[0.553s] writing requirements to ../../build/robot_controller/robot_controller.egg-info/requires.txt
[0.553s] writing top-level names to ../../build/robot_controller/robot_controller.egg-info/top_level.txt
[0.555s] reading manifest file '../../build/robot_controller/robot_controller.egg-info/SOURCES.txt'
[0.556s] writing manifest file '../../build/robot_controller/robot_controller.egg-info/SOURCES.txt'
[0.556s] running build
[0.556s] running build_py
[0.556s] running install
[0.557s] running install_lib
[0.557s] running install_data
[0.557s] running install_egg_info
[0.559s] removing '/home/adarsh/ros2_ws/install/robot_controller/lib/python3.10/site-packages/robot_controller-0.0.0-py3.10.egg-info' (and everything under it)
[0.559s] Copying ../../build/robot_controller/robot_controller.egg-info to /home/adarsh/ros2_ws/install/robot_controller/lib/python3.10/site-packages/robot_controller-0.0.0-py3.10.egg-info
[0.560s] running install_scripts
[0.572s] writing list of installed files to '/home/adarsh/ros2_ws/build/robot_controller/install.log'
[0.590s] Invoked command in '/home/adarsh/ros2_ws/src/robot_controller' returned '0': PYTHONPATH=/home/adarsh/ros2_ws/build/robot_controller/prefix_override:/home/adarsh/ros2_ws/install/robot_controller/lib/python3.10/site-packages:${PYTHONPATH} /usr/bin/python3 -W ignore:setup.py install is deprecated setup.py egg_info --egg-base ../../build/robot_controller build --build-base /home/adarsh/ros2_ws/build/robot_controller/build install --record /home/adarsh/ros2_ws/build/robot_controller/install.log --single-version-externally-managed install_data
