[0.392s] Invoking command in '/home/adarsh/ros2_ws/src/robot_controller': PYTHONPATH=/home/adarsh/ros2_ws/build/robot_controller/prefix_override:/home/adarsh/ros2_ws/install/robot_controller/lib/python3.10/site-packages:${PYTHONPATH} /usr/bin/python3 -W ignore:setup.py install is deprecated setup.py egg_info --egg-base ../../build/robot_controller build --build-base /home/adarsh/ros2_ws/build/robot_controller/build install --record /home/adarsh/ros2_ws/build/robot_controller/install.log --single-version-externally-managed install_data
[0.539s] running egg_info
[0.539s] writing ../../build/robot_controller/robot_controller.egg-info/PKG-INFO
[0.539s] writing dependency_links to ../../build/robot_controller/robot_controller.egg-info/dependency_links.txt
[0.540s] writing entry points to ../../build/robot_controller/robot_controller.egg-info/entry_points.txt
[0.540s] writing requirements to ../../build/robot_controller/robot_controller.egg-info/requires.txt
[0.540s] writing top-level names to ../../build/robot_controller/robot_controller.egg-info/top_level.txt
[0.542s] reading manifest file '../../build/robot_controller/robot_controller.egg-info/SOURCES.txt'
[0.542s] writing manifest file '../../build/robot_controller/robot_controller.egg-info/SOURCES.txt'
[0.542s] running build
[0.542s] running build_py
[0.543s] copying robot_controller/first_node.py -> /home/adarsh/ros2_ws/build/robot_controller/build/lib/robot_controller
[0.543s] running install
[0.544s] running install_lib
[0.544s] copying /home/adarsh/ros2_ws/build/robot_controller/build/lib/robot_controller/first_node.py -> /home/adarsh/ros2_ws/install/robot_controller/lib/python3.10/site-packages/robot_controller
[0.544s] byte-compiling /home/adarsh/ros2_ws/install/robot_controller/lib/python3.10/site-packages/robot_controller/first_node.py to first_node.cpython-310.pyc
[0.544s] running install_data
[0.545s] running install_egg_info
[0.546s] removing '/home/adarsh/ros2_ws/install/robot_controller/lib/python3.10/site-packages/robot_controller-0.0.0-py3.10.egg-info' (and everything under it)
[0.546s] Copying ../../build/robot_controller/robot_controller.egg-info to /home/adarsh/ros2_ws/install/robot_controller/lib/python3.10/site-packages/robot_controller-0.0.0-py3.10.egg-info
[0.547s] running install_scripts
[0.560s] Installing test_node script to /home/adarsh/ros2_ws/install/robot_controller/lib/robot_controller
[0.561s] writing list of installed files to '/home/adarsh/ros2_ws/build/robot_controller/install.log'
[0.579s] Invoked command in '/home/adarsh/ros2_ws/src/robot_controller' returned '0': PYTHONPATH=/home/adarsh/ros2_ws/build/robot_controller/prefix_override:/home/adarsh/ros2_ws/install/robot_controller/lib/python3.10/site-packages:${PYTHONPATH} /usr/bin/python3 -W ignore:setup.py install is deprecated setup.py egg_info --egg-base ../../build/robot_controller build --build-base /home/adarsh/ros2_ws/build/robot_controller/build install --record /home/adarsh/ros2_ws/build/robot_controller/install.log --single-version-externally-managed install_data
