[0.409s] Invoking command in '/home/adarsh/ros2_ws/build/robot_controller': PYTHONPATH=/home/adarsh/ros2_ws/build/robot_controller/prefix_override:/home/adarsh/ros2_ws/install/robot_controller/lib/python3.10/site-packages:${PYTHONPATH} /usr/bin/python3 -W ignore:setup.py install is deprecated setup.py develop --editable --build-directory /home/adarsh/ros2_ws/build/robot_controller/build --no-deps symlink_data --force
[0.581s] running develop
[0.670s] running egg_info
[0.670s] writing robot_controller.egg-info/PKG-INFO
[0.671s] writing dependency_links to robot_controller.egg-info/dependency_links.txt
[0.671s] writing entry points to robot_controller.egg-info/entry_points.txt
[0.671s] writing requirements to robot_controller.egg-info/requires.txt
[0.671s] writing top-level names to robot_controller.egg-info/top_level.txt
[0.673s] reading manifest file 'robot_controller.egg-info/SOURCES.txt'
[0.674s] writing manifest file 'robot_controller.egg-info/SOURCES.txt'
[0.675s] running build_ext
[0.675s] Creating /home/adarsh/ros2_ws/install/robot_controller/lib/python3.10/site-packages/robot-controller.egg-link (link to .)
[0.675s] Installing ctt_node script to /home/adarsh/ros2_ws/install/robot_controller/lib/robot_controller
[0.675s] Installing pos_node script to /home/adarsh/ros2_ws/install/robot_controller/lib/robot_controller
[0.676s] Installing test_node script to /home/adarsh/ros2_ws/install/robot_controller/lib/robot_controller
[0.676s] Installing test_node2 script to /home/adarsh/ros2_ws/install/robot_controller/lib/robot_controller
[0.676s] 
[0.676s] Installed /home/adarsh/ros2_ws/build/robot_controller
[0.676s] running symlink_data
[0.676s] symbolically linking /home/adarsh/ros2_ws/build/robot_controller/resource/robot_controller -> /home/adarsh/ros2_ws/install/robot_controller/share/ament_index/resource_index/packages
[0.676s] symbolically linking /home/adarsh/ros2_ws/build/robot_controller/package.xml -> /home/adarsh/ros2_ws/install/robot_controller/share/robot_controller
[0.699s] Invoked command in '/home/adarsh/ros2_ws/build/robot_controller' returned '0': PYTHONPATH=/home/adarsh/ros2_ws/build/robot_controller/prefix_override:/home/adarsh/ros2_ws/install/robot_controller/lib/python3.10/site-packages:${PYTHONPATH} /usr/bin/python3 -W ignore:setup.py install is deprecated setup.py develop --editable --build-directory /home/adarsh/ros2_ws/build/robot_controller/build --no-deps symlink_data --force
