[0.428s] Invoking command in '/home/adarsh/ros2_ws/build/robot_controller': PYTHONPATH=/home/adarsh/ros2_ws/build/robot_controller/prefix_override:/home/adarsh/ros2_ws/install/robot_controller/lib/python3.10/site-packages:${PYTHONPATH} /usr/bin/python3 -W ignore:setup.py install is deprecated setup.py develop --editable --build-directory /home/adarsh/ros2_ws/build/robot_controller/build --no-deps symlink_data
[0.602s] running develop
[0.687s] running egg_info
[0.689s] writing robot_controller.egg-info/PKG-INFO
[0.689s] writing dependency_links to robot_controller.egg-info/dependency_links.txt
[0.689s] writing entry points to robot_controller.egg-info/entry_points.txt
[0.689s] writing requirements to robot_controller.egg-info/requires.txt
[0.689s] writing top-level names to robot_controller.egg-info/top_level.txt
[0.690s] reading manifest file 'robot_controller.egg-info/SOURCES.txt'
[0.691s] writing manifest file 'robot_controller.egg-info/SOURCES.txt'
[0.692s] running build_ext
[0.692s] Creating /home/adarsh/ros2_ws/install/robot_controller/lib/python3.10/site-packages/robot-controller.egg-link (link to .)
[0.693s] Installing ctt_node script to /home/adarsh/ros2_ws/install/robot_controller/lib/robot_controller
[0.693s] Installing pos_node script to /home/adarsh/ros2_ws/install/robot_controller/lib/robot_controller
[0.693s] Installing test_node script to /home/adarsh/ros2_ws/install/robot_controller/lib/robot_controller
[0.693s] Installing test_node2 script to /home/adarsh/ros2_ws/install/robot_controller/lib/robot_controller
[0.693s] 
[0.693s] Installed /home/adarsh/ros2_ws/build/robot_controller
[0.693s] running symlink_data
[0.715s] Invoked command in '/home/adarsh/ros2_ws/build/robot_controller' returned '0': PYTHONPATH=/home/adarsh/ros2_ws/build/robot_controller/prefix_override:/home/adarsh/ros2_ws/install/robot_controller/lib/python3.10/site-packages:${PYTHONPATH} /usr/bin/python3 -W ignore:setup.py install is deprecated setup.py develop --editable --build-directory /home/adarsh/ros2_ws/build/robot_controller/build --no-deps symlink_data
