[0.423s] Invoking command in '/home/adarsh/ros2_ws/src/robot_controller': PYTHONPATH=/home/adarsh/ros2_ws/build/robot_controller/prefix_override:/home/adarsh/ros2_ws/install/robot_controller/lib/python3.10/site-packages:${PYTHONPATH} /usr/bin/python3 -W ignore:setup.py install is deprecated setup.py egg_info --egg-base ../../build/robot_controller build --build-base /home/adarsh/ros2_ws/build/robot_controller/build install --record /home/adarsh/ros2_ws/build/robot_controller/install.log --single-version-externally-managed install_data
[0.547s] running egg_info
[0.548s] creating ../../build/robot_controller/robot_controller.egg-info
[0.548s] writing ../../build/robot_controller/robot_controller.egg-info/PKG-INFO
[0.549s] writing dependency_links to ../../build/robot_controller/robot_controller.egg-info/dependency_links.txt
[0.549s] writing entry points to ../../build/robot_controller/robot_controller.egg-info/entry_points.txt
[0.549s] writing requirements to ../../build/robot_controller/robot_controller.egg-info/requires.txt
[0.549s] writing top-level names to ../../build/robot_controller/robot_controller.egg-info/top_level.txt
[0.549s] writing manifest file '../../build/robot_controller/robot_controller.egg-info/SOURCES.txt'
[0.550s] reading manifest file '../../build/robot_controller/robot_controller.egg-info/SOURCES.txt'
[0.551s] writing manifest file '../../build/robot_controller/robot_controller.egg-info/SOURCES.txt'
[0.552s] running build
[0.552s] running build_py
[0.552s] creating /home/adarsh/ros2_ws/build/robot_controller/build
[0.552s] creating /home/adarsh/ros2_ws/build/robot_controller/build/lib
[0.552s] creating /home/adarsh/ros2_ws/build/robot_controller/build/lib/robot_controller
[0.552s] copying robot_controller/__init__.py -> /home/adarsh/ros2_ws/build/robot_controller/build/lib/robot_controller
[0.552s] running install
[0.554s] running install_lib
[0.554s] creating /home/adarsh/ros2_ws/install/robot_controller/lib/python3.10/site-packages/robot_controller
[0.554s] copying /home/adarsh/ros2_ws/build/robot_controller/build/lib/robot_controller/__init__.py -> /home/adarsh/ros2_ws/install/robot_controller/lib/python3.10/site-packages/robot_controller
[0.555s] byte-compiling /home/adarsh/ros2_ws/install/robot_controller/lib/python3.10/site-packages/robot_controller/__init__.py to __init__.cpython-310.pyc
[0.555s] running install_data
[0.555s] creating /home/adarsh/ros2_ws/install/robot_controller/share/ament_index
[0.555s] creating /home/adarsh/ros2_ws/install/robot_controller/share/ament_index/resource_index
[0.555s] creating /home/adarsh/ros2_ws/install/robot_controller/share/ament_index/resource_index/packages
[0.556s] copying resource/robot_controller -> /home/adarsh/ros2_ws/install/robot_controller/share/ament_index/resource_index/packages
[0.556s] copying package.xml -> /home/adarsh/ros2_ws/install/robot_controller/share/robot_controller
[0.556s] running install_egg_info
[0.558s] Copying ../../build/robot_controller/robot_controller.egg-info to /home/adarsh/ros2_ws/install/robot_controller/lib/python3.10/site-packages/robot_controller-0.0.0-py3.10.egg-info
[0.559s] running install_scripts
[0.572s] writing list of installed files to '/home/adarsh/ros2_ws/build/robot_controller/install.log'
[0.595s] Invoked command in '/home/adarsh/ros2_ws/src/robot_controller' returned '0': PYTHONPATH=/home/adarsh/ros2_ws/build/robot_controller/prefix_override:/home/adarsh/ros2_ws/install/robot_controller/lib/python3.10/site-packages:${PYTHONPATH} /usr/bin/python3 -W ignore:setup.py install is deprecated setup.py egg_info --egg-base ../../build/robot_controller build --build-base /home/adarsh/ros2_ws/build/robot_controller/build install --record /home/adarsh/ros2_ws/build/robot_controller/install.log --single-version-externally-managed install_data
