running develop
Removing /home/adarsh/ros2_ws/install/robot_controller/lib/python3.10/site-packages/robot-controller.egg-link (link to .)
running egg_info
writing ../../build/robot_controller/robot_controller.egg-info/PKG-INFO
writing dependency_links to ../../build/robot_controller/robot_controller.egg-info/dependency_links.txt
writing entry points to ../../build/robot_controller/robot_controller.egg-info/entry_points.txt
writing requirements to ../../build/robot_controller/robot_controller.egg-info/requires.txt
writing top-level names to ../../build/robot_controller/robot_controller.egg-info/top_level.txt
reading manifest file '../../build/robot_controller/robot_controller.egg-info/SOURCES.txt'
writing manifest file '../../build/robot_controller/robot_controller.egg-info/SOURCES.txt'
running build
running build_py
copying robot_controller/pose_sub.py -> /home/adarsh/ros2_ws/build/robot_controller/build/lib/robot_controller
copying robot_controller/ctt.py -> /home/adarsh/ros2_ws/build/robot_controller/build/lib/robot_controller
copying robot_controller/first_node.py -> /home/adarsh/ros2_ws/build/robot_controller/build/lib/robot_controller
copying robot_controller/second_node.py -> /home/adarsh/ros2_ws/build/robot_controller/build/lib/robot_controller
running install
running install_lib
creating /home/adarsh/ros2_ws/install/robot_controller/lib/python3.10/site-packages/robot_controller
copying /home/adarsh/ros2_ws/build/robot_controller/build/lib/robot_controller/__init__.py -> /home/adarsh/ros2_ws/install/robot_controller/lib/python3.10/site-packages/robot_controller
copying /home/adarsh/ros2_ws/build/robot_controller/build/lib/robot_controller/pose_sub.py -> /home/adarsh/ros2_ws/install/robot_controller/lib/python3.10/site-packages/robot_controller
copying /home/adarsh/ros2_ws/build/robot_controller/build/lib/robot_controller/ctt.py -> /home/adarsh/ros2_ws/install/robot_controller/lib/python3.10/site-packages/robot_controller
copying /home/adarsh/ros2_ws/build/robot_controller/build/lib/robot_controller/first_node.py -> /home/adarsh/ros2_ws/install/robot_controller/lib/python3.10/site-packages/robot_controller
copying /home/adarsh/ros2_ws/build/robot_controller/build/lib/robot_controller/second_node.py -> /home/adarsh/ros2_ws/install/robot_controller/lib/python3.10/site-packages/robot_controller
byte-compiling /home/adarsh/ros2_ws/install/robot_controller/lib/python3.10/site-packages/robot_controller/__init__.py to __init__.cpython-310.pyc
byte-compiling /home/adarsh/ros2_ws/install/robot_controller/lib/python3.10/site-packages/robot_controller/pose_sub.py to pose_sub.cpython-310.pyc
byte-compiling /home/adarsh/ros2_ws/install/robot_controller/lib/python3.10/site-packages/robot_controller/ctt.py to ctt.cpython-310.pyc
Sorry: IndentationError: expected an indented block after 'if' statement on line 23 (ctt.py, line 24)
byte-compiling /home/adarsh/ros2_ws/install/robot_controller/lib/python3.10/site-packages/robot_controller/first_node.py to first_node.cpython-310.pyc
byte-compiling /home/adarsh/ros2_ws/install/robot_controller/lib/python3.10/site-packages/robot_controller/second_node.py to second_node.cpython-310.pyc
running install_data
copying resource/robot_controller -> /home/adarsh/ros2_ws/install/robot_controller/share/ament_index/resource_index/packages
copying package.xml -> /home/adarsh/ros2_ws/install/robot_controller/share/robot_controller
running install_egg_info
Copying ../../build/robot_controller/robot_controller.egg-info to /home/adarsh/ros2_ws/install/robot_controller/lib/python3.10/site-packages/robot_controller-0.0.0-py3.10.egg-info
running install_scripts
Installing ctt_node script to /home/adarsh/ros2_ws/install/robot_controller/lib/robot_controller
Installing pos_node script to /home/adarsh/ros2_ws/install/robot_controller/lib/robot_controller
Installing test_node script to /home/adarsh/ros2_ws/install/robot_controller/lib/robot_controller
Installing test_node2 script to /home/adarsh/ros2_ws/install/robot_controller/lib/robot_controller
writing list of installed files to '/home/adarsh/ros2_ws/build/robot_controller/install.log'
